# JRE version: Java(TM) SE Runtime Environment (8.0_251-b08) (build 1.8.0_251-b08)
# Java VM: Java HotSpot(TM) 64-Bit Server VM (25.251-b08 mixed mode windows-amd64 compressed oops)
Heap:
 PSYoungGen      total 33280K, used 10457K [0x00000000db100000, 0x00000000dd600000, 0x0000000100000000)
  eden space 28672K, 20% used [0x00000000db100000,0x00000000db6ba538,0x00000000dcd00000)
  from space 4608K, 99% used [0x00000000dd180000,0x00000000dd5fc010,0x00000000dd600000)
  to   space 4608K, 0% used [0x00000000dcd00000,0x00000000dcd00000,0x00000000dd180000)
 ParOldGen       total 76800K, used 3984K [0x0000000091200000, 0x0000000095d00000, 0x00000000db100000)
  object space 76800K, 5% used [0x0000000091200000,0x00000000915e4168,0x0000000095d00000)
 Metaspace       used 11490K, capacity 11720K, committed 12032K, reserved 1060864K
  class space    used 1386K, capacity 1462K, committed 1536K, reserved 1048576K
GC Heap History (4 events):
Event: 1.296 GC heap before
{Heap before GC invocations=1 (full 0):
 PSYoungGen      total 33280K, used 28672K [0x00000000db100000, 0x00000000dd600000, 0x0000000100000000)
  eden space 28672K, 100% used [0x00000000db100000,0x00000000dcd00000,0x00000000dcd00000)
  from space 4608K, 0% used [0x00000000dd180000,0x00000000dd180000,0x00000000dd600000)
  to   space 4608K, 0% used [0x00000000dcd00000,0x00000000dcd00000,0x00000000dd180000)
 ParOldGen       total 76800K, used 0K [0x0000000091200000, 0x0000000095d00000, 0x00000000db100000)
  object space 76800K, 0% used [0x0000000091200000,0x0000000091200000,0x0000000095d00000)
 Metaspace       used 7066K, capacity 7230K, committed 7424K, reserved 1056768K
  class space    used 815K, capacity 897K, committed 1024K, reserved 1048576K
Event: 1.304 GC heap after
Heap after GC invocations=1 (full 0):
 PSYoungGen      total 33280K, used 4601K [0x00000000db100000, 0x00000000dd600000, 0x0000000100000000)
  eden space 28672K, 0% used [0x00000000db100000,0x00000000db100000,0x00000000dcd00000)
  from space 4608K, 99% used [0x00000000dcd00000,0x00000000dd17e638,0x00000000dd180000)
  to   space 4608K, 0% used [0x00000000dd180000,0x00000000dd180000,0x00000000dd600000)
 ParOldGen       total 76800K, used 990K [0x0000000091200000, 0x0000000095d00000, 0x00000000db100000)
  object space 76800K, 1% used [0x0000000091200000,0x00000000912f7948,0x0000000095d00000)
 Metaspace       used 7066K, capacity 7230K, committed 7424K, reserved 1056768K
  class space    used 815K, capacity 897K, committed 1024K, reserved 1048576K
}
Event: 2.333 GC heap before
{Heap before GC invocations=2 (full 0):
 PSYoungGen      total 33280K, used 33273K [0x00000000db100000, 0x00000000dd600000, 0x0000000100000000)
  eden space 28672K, 100% used [0x00000000db100000,0x00000000dcd00000,0x00000000dcd00000)
  from space 4608K, 99% used [0x00000000dcd00000,0x00000000dd17e638,0x00000000dd180000)
  to   space 4608K, 0% used [0x00000000dd180000,0x00000000dd180000,0x00000000dd600000)
 ParOldGen       total 76800K, used 990K [0x0000000091200000, 0x0000000095d00000, 0x00000000db100000)
  object space 76800K, 1% used [0x0000000091200000,0x00000000912f7948,0x0000000095d00000)
 Metaspace       used 11175K, capacity 11420K, committed 11776K, reserved 1058816K
  class space    used 1354K, capacity 1428K, committed 1536K, reserved 1048576K
Event: 2.346 GC heap after
Heap after GC invocations=2 (full 0):
 PSYoungGen      total 33280K, used 4592K [0x00000000db100000, 0x00000000dd600000, 0x0000000100000000)
  eden space 28672K, 0% used [0x00000000db100000,0x00000000db100000,0x00000000dcd00000)
  from space 4608K, 99% used [0x00000000dd180000,0x00000000dd5fc010,0x00000000dd600000)
  to   space 4608K, 0% used [0x00000000dcd00000,0x00000000dcd00000,0x00000000dd180000)
 ParOldGen       total 76800K, used 3984K [0x0000000091200000, 0x0000000095d00000, 0x00000000db100000)
  object space 76800K, 5% used [0x0000000091200000,0x00000000915e4168,0x0000000095d00000)
 Metaspace       used 11175K, capacity 11420K, committed 11776K, reserved 1058816K
  class space    used 1354K, capacity 1428K, committed 1536K, reserved 1048576K
}

