# JRE version: Java(TM) SE Runtime Environment (8.0_251-b08) (build 1.8.0_251-b08)
# Java VM: Java HotSpot(TM) 64-Bit Server VM (25.251-b08 mixed mode windows-amd64 compressed oops)
Heap:
 PSYoungGen      total 61952K, used 30102K [0x00000000db100000, 0x00000000e3600000, 0x0000000100000000)
  eden space 57344K, 52% used [0x00000000db100000,0x00000000dce65818,0x00000000de900000)
  from space 4608K, 0% used [0x00000000de900000,0x00000000de900000,0x00000000ded80000)
  to   space 10752K, 0% used [0x00000000e2b80000,0x00000000e2b80000,0x00000000e3600000)
 ParOldGen       total 55808K, used 7572K [0x0000000091200000, 0x0000000094880000, 0x00000000db100000)
  object space 55808K, 13% used [0x0000000091200000,0x0000000091965100,0x0000000094880000)
 Metaspace       used 20664K, capacity 21288K, committed 21552K, reserved 1069056K
  class space    used 2503K, capacity 2644K, committed 2688K, reserved 1048576K
GC Heap History (10 events):
Event: 2.286 GC heap before
{Heap before GC invocations=2 (full 0):
 PSYoungGen      total 33280K, used 33272K [0x00000000db100000, 0x00000000dd600000, 0x0000000100000000)
  eden space 28672K, 100% used [0x00000000db100000,0x00000000dcd00000,0x00000000dcd00000)
  from space 4608K, 99% used [0x00000000dcd00000,0x00000000dd17e3d8,0x00000000dd180000)
  to   space 4608K, 0% used [0x00000000dd180000,0x00000000dd180000,0x00000000dd600000)
 ParOldGen       total 76800K, used 1015K [0x0000000091200000, 0x0000000095d00000, 0x00000000db100000)
  object space 76800K, 1% used [0x0000000091200000,0x00000000912fdc30,0x0000000095d00000)
 Metaspace       used 11163K, capacity 11420K, committed 11776K, reserved 1058816K
  class space    used 1354K, capacity 1428K, committed 1536K, reserved 1048576K
Event: 2.298 GC heap after
Heap after GC invocations=2 (full 0):
 PSYoungGen      total 33280K, used 4592K [0x00000000db100000, 0x00000000dd600000, 0x0000000100000000)
  eden space 28672K, 0% used [0x00000000db100000,0x00000000db100000,0x00000000dcd00000)
  from space 4608K, 99% used [0x00000000dd180000,0x00000000dd5fc010,0x00000000dd600000)
  to   space 4608K, 0% used [0x00000000dcd00000,0x00000000dcd00000,0x00000000dd180000)
 ParOldGen       total 76800K, used 4043K [0x0000000091200000, 0x0000000095d00000, 0x00000000db100000)
  object space 76800K, 5% used [0x0000000091200000,0x00000000915f2c00,0x0000000095d00000)
 Metaspace       used 11163K, capacity 11420K, committed 11776K, reserved 1058816K
  class space    used 1354K, capacity 1428K, committed 1536K, reserved 1048576K
}
Event: 3.203 GC heap before
{Heap before GC invocations=3 (full 0):
 PSYoungGen      total 33280K, used 33264K [0x00000000db100000, 0x00000000dd600000, 0x0000000100000000)
  eden space 28672K, 100% used [0x00000000db100000,0x00000000dcd00000,0x00000000dcd00000)
  from space 4608K, 99% used [0x00000000dd180000,0x00000000dd5fc010,0x00000000dd600000)
  to   space 4608K, 0% used [0x00000000dcd00000,0x00000000dcd00000,0x00000000dd180000)
 ParOldGen       total 76800K, used 4043K [0x0000000091200000, 0x0000000095d00000, 0x00000000db100000)
  object space 76800K, 5% used [0x0000000091200000,0x00000000915f2c00,0x0000000095d00000)
 Metaspace       used 16805K, capacity 17262K, committed 17536K, reserved 1064960K
  class space    used 2016K, capacity 2159K, committed 2176K, reserved 1048576K
Event: 3.217 GC heap after
Heap after GC invocations=3 (full 0):
 PSYoungGen      total 33280K, used 4592K [0x00000000db100000, 0x00000000df200000, 0x0000000100000000)
  eden space 28672K, 0% used [0x00000000db100000,0x00000000db100000,0x00000000dcd00000)
  from space 4608K, 99% used [0x00000000dcd00000,0x00000000dd17c010,0x00000000dd180000)
  to   space 4608K, 0% used [0x00000000ded80000,0x00000000ded80000,0x00000000df200000)
 ParOldGen       total 76800K, used 9018K [0x0000000091200000, 0x0000000095d00000, 0x00000000db100000)
  object space 76800K, 11% used [0x0000000091200000,0x0000000091acebc0,0x0000000095d00000)
 Metaspace       used 16805K, capacity 17262K, committed 17536K, reserved 1064960K
  class space    used 2016K, capacity 2159K, committed 2176K, reserved 1048576K
}
Event: 4.683 GC heap before
{Heap before GC invocations=4 (full 0):
 PSYoungGen      total 33280K, used 33264K [0x00000000db100000, 0x00000000df200000, 0x0000000100000000)
  eden space 28672K, 100% used [0x00000000db100000,0x00000000dcd00000,0x00000000dcd00000)
  from space 4608K, 99% used [0x00000000dcd00000,0x00000000dd17c010,0x00000000dd180000)
  to   space 4608K, 0% used [0x00000000ded80000,0x00000000ded80000,0x00000000df200000)
 ParOldGen       total 76800K, used 9018K [0x0000000091200000, 0x0000000095d00000, 0x00000000db100000)
  object space 76800K, 11% used [0x0000000091200000,0x0000000091acebc0,0x0000000095d00000)
 Metaspace       used 20348K, capacity 20932K, committed 21120K, reserved 1067008K
  class space    used 2488K, capacity 2630K, committed 2688K, reserved 1048576K
Event: 4.701 GC heap after
Heap after GC invocations=4 (full 0):
 PSYoungGen      total 61952K, used 4592K [0x00000000db100000, 0x00000000df200000, 0x0000000100000000)
  eden space 57344K, 0% used [0x00000000db100000,0x00000000db100000,0x00000000de900000)
  from space 4608K, 99% used [0x00000000ded80000,0x00000000df1fc300,0x00000000df200000)
  to   space 4608K, 0% used [0x00000000de900000,0x00000000de900000,0x00000000ded80000)
 ParOldGen       total 76800K, used 12340K [0x0000000091200000, 0x0000000095d00000, 0x00000000db100000)
  object space 76800K, 16% used [0x0000000091200000,0x0000000091e0d2c0,0x0000000095d00000)
 Metaspace       used 20348K, capacity 20932K, committed 21120K, reserved 1067008K
  class space    used 2488K, capacity 2630K, committed 2688K, reserved 1048576K
}
Event: 5.108 GC heap before
{Heap before GC invocations=5 (full 0):
 PSYoungGen      total 61952K, used 25546K [0x00000000db100000, 0x00000000df200000, 0x0000000100000000)
  eden space 57344K, 36% used [0x00000000db100000,0x00000000dc576838,0x00000000de900000)
  from space 4608K, 99% used [0x00000000ded80000,0x00000000df1fc300,0x00000000df200000)
  to   space 4608K, 0% used [0x00000000de900000,0x00000000de900000,0x00000000ded80000)
 ParOldGen       total 76800K, used 12340K [0x0000000091200000, 0x0000000095d00000, 0x00000000db100000)
  object space 76800K, 16% used [0x0000000091200000,0x0000000091e0d2c0,0x0000000095d00000)
 Metaspace       used 20565K, capacity 21152K, committed 21296K, reserved 1069056K
  class space    used 2490K, capacity 2632K, committed 2688K, reserved 1048576K
Event: 5.125 GC heap after
Heap after GC invocations=5 (full 0):
 PSYoungGen      total 61952K, used 4592K [0x00000000db100000, 0x00000000e3600000, 0x0000000100000000)
  eden space 57344K, 0% used [0x00000000db100000,0x00000000db100000,0x00000000de900000)
  from space 4608K, 99% used [0x00000000de900000,0x00000000ded7c300,0x00000000ded80000)
  to   space 10752K, 0% used [0x00000000e2b80000,0x00000000e2b80000,0x00000000e3600000)
 ParOldGen       total 76800K, used 12768K [0x0000000091200000, 0x0000000095d00000, 0x00000000db100000)
  object space 76800K, 16% used [0x0000000091200000,0x0000000091e782d0,0x0000000095d00000)
 Metaspace       used 20565K, capacity 21152K, committed 21296K, reserved 1069056K
  class space    used 2490K, capacity 2632K, committed 2688K, reserved 1048576K
}
Event: 5.125 GC heap before
{Heap before GC invocations=6 (full 1):
 PSYoungGen      total 61952K, used 4592K [0x00000000db100000, 0x00000000e3600000, 0x0000000100000000)
  eden space 57344K, 0% used [0x00000000db100000,0x00000000db100000,0x00000000de900000)
  from space 4608K, 99% used [0x00000000de900000,0x00000000ded7c300,0x00000000ded80000)
  to   space 10752K, 0% used [0x00000000e2b80000,0x00000000e2b80000,0x00000000e3600000)
 ParOldGen       total 76800K, used 12768K [0x0000000091200000, 0x0000000095d00000, 0x00000000db100000)
  object space 76800K, 16% used [0x0000000091200000,0x0000000091e782d0,0x0000000095d00000)
 Metaspace       used 20565K, capacity 21152K, committed 21296K, reserved 1069056K
  class space    used 2490K, capacity 2632K, committed 2688K, reserved 1048576K
Event: 5.200 GC heap after
Heap after GC invocations=6 (full 1):
 PSYoungGen      total 61952K, used 0K [0x00000000db100000, 0x00000000e3600000, 0x0000000100000000)
  eden space 57344K, 0% used [0x00000000db100000,0x00000000db100000,0x00000000de900000)
  from space 4608K, 0% used [0x00000000de900000,0x00000000de900000,0x00000000ded80000)
  to   space 10752K, 0% used [0x00000000e2b80000,0x00000000e2b80000,0x00000000e3600000)
 ParOldGen       total 55808K, used 7572K [0x0000000091200000, 0x0000000094880000, 0x00000000db100000)
  object space 55808K, 13% used [0x0000000091200000,0x0000000091965100,0x0000000094880000)
 Metaspace       used 20559K, capacity 21140K, committed 21296K, reserved 1069056K
  class space    used 2489K, capacity 2630K, committed 2688K, reserved 1048576K
}

